# JRE version: Java(TM) SE Runtime Environment (8.0_144-b01) (build 1.8.0_144-b01)
# Java VM: Java HotSpot(TM) 64-Bit Server VM (25.144-b01 mixed mode windows-amd64 compressed oops)
Heap:
 PSYoungGen      total 240128K, used 25619K [0x00000000eab00000, 0x00000000fcc00000, 0x0000000100000000)
  eden space 219648K, 2% used [0x00000000eab00000,0x00000000eb006640,0x00000000f8180000)
  from space 20480K, 99% used [0x00000000f9b80000,0x00000000faf7e958,0x00000000faf80000)
  to   space 26624K, 0% used [0x00000000f8180000,0x00000000f8180000,0x00000000f9b80000)
 ParOldGen       total 107008K, used 57373K [0x00000000c0000000, 0x00000000c6880000, 0x00000000eab00000)
  object space 107008K, 53% used [0x00000000c0000000,0x00000000c38075b0,0x00000000c6880000)
 Metaspace       used 68995K, capacity 71434K, committed 71680K, reserved 1112064K
  class space    used 9133K, capacity 9706K, committed 9728K, reserved 1048576K
GC Heap History (10 events):
Event: 16.729 GC heap before
{Heap before GC invocations=11 (full 1):
 PSYoungGen      total 142848K, used 126976K [0x00000000eab00000, 0x00000000f9180000, 0x0000000100000000)
  eden space 126976K, 100% used [0x00000000eab00000,0x00000000f2700000,0x00000000f2700000)
  from space 15872K, 0% used [0x00000000f2700000,0x00000000f2700000,0x00000000f3680000)
  to   space 16384K, 0% used [0x00000000f8180000,0x00000000f8180000,0x00000000f9180000)
 ParOldGen       total 49152K, used 20262K [0x00000000c0000000, 0x00000000c3000000, 0x00000000eab00000)
  object space 49152K, 41% used [0x00000000c0000000,0x00000000c13c9b08,0x00000000c3000000)
 Metaspace       used 23026K, capacity 23584K, committed 23680K, reserved 1071104K
  class space    used 2694K, capacity 2912K, committed 2944K, reserved 1048576K
Event: 16.777 GC heap after
Heap after GC invocations=11 (full 1):
 PSYoungGen      total 187392K, used 16383K [0x00000000eab00000, 0x00000000f9180000, 0x0000000100000000)
  eden space 171008K, 0% used [0x00000000eab00000,0x00000000eab00000,0x00000000f5200000)
  from space 16384K, 99% used [0x00000000f8180000,0x00000000f917fc40,0x00000000f9180000)
  to   space 18944K, 0% used [0x00000000f6c80000,0x00000000f6c80000,0x00000000f7f00000)
 ParOldGen       total 49152K, used 21515K [0x00000000c0000000, 0x00000000c3000000, 0x00000000eab00000)
  object space 49152K, 43% used [0x00000000c0000000,0x00000000c1502e48,0x00000000c3000000)
 Metaspace       used 23026K, capacity 23584K, committed 23680K, reserved 1071104K
  class space    used 2694K, capacity 2912K, committed 2944K, reserved 1048576K
}
Event: 23.338 GC heap before
{Heap before GC invocations=12 (full 1):
 PSYoungGen      total 187392K, used 157077K [0x00000000eab00000, 0x00000000f9180000, 0x0000000100000000)
  eden space 171008K, 82% used [0x00000000eab00000,0x00000000f3465808,0x00000000f5200000)
  from space 16384K, 99% used [0x00000000f8180000,0x00000000f917fc40,0x00000000f9180000)
  to   space 18944K, 0% used [0x00000000f6c80000,0x00000000f6c80000,0x00000000f7f00000)
 ParOldGen       total 49152K, used 21515K [0x00000000c0000000, 0x00000000c3000000, 0x00000000eab00000)
  object space 49152K, 43% used [0x00000000c0000000,0x00000000c1502e48,0x00000000c3000000)
 Metaspace       used 34305K, capacity 35384K, committed 35456K, reserved 1079296K
  class space    used 4297K, capacity 4665K, committed 4736K, reserved 1048576K
Event: 23.400 GC heap after
Heap after GC invocations=12 (full 1):
 PSYoungGen      total 217088K, used 14912K [0x00000000eab00000, 0x00000000faf80000, 0x0000000100000000)
  eden space 198144K, 0% used [0x00000000eab00000,0x00000000eab00000,0x00000000f6c80000)
  from space 18944K, 78% used [0x00000000f6c80000,0x00000000f7b10180,0x00000000f7f00000)
  to   space 20480K, 0% used [0x00000000f9b80000,0x00000000f9b80000,0x00000000faf80000)
 ParOldGen       total 49152K, used 34495K [0x00000000c0000000, 0x00000000c3000000, 0x00000000eab00000)
  object space 49152K, 70% used [0x00000000c0000000,0x00000000c21afd00,0x00000000c3000000)
 Metaspace       used 34305K, capacity 35384K, committed 35456K, reserved 1079296K
  class space    used 4297K, capacity 4665K, committed 4736K, reserved 1048576K
}
Event: 23.400 GC heap before
{Heap before GC invocations=13 (full 2):
 PSYoungGen      total 217088K, used 14912K [0x00000000eab00000, 0x00000000faf80000, 0x0000000100000000)
  eden space 198144K, 0% used [0x00000000eab00000,0x00000000eab00000,0x00000000f6c80000)
  from space 18944K, 78% used [0x00000000f6c80000,0x00000000f7b10180,0x00000000f7f00000)
  to   space 20480K, 0% used [0x00000000f9b80000,0x00000000f9b80000,0x00000000faf80000)
 ParOldGen       total 49152K, used 34495K [0x00000000c0000000, 0x00000000c3000000, 0x00000000eab00000)
  object space 49152K, 70% used [0x00000000c0000000,0x00000000c21afd00,0x00000000c3000000)
 Metaspace       used 34305K, capacity 35384K, committed 35456K, reserved 1079296K
  class space    used 4297K, capacity 4665K, committed 4736K, reserved 1048576K
Event: 23.714 GC heap after
Heap after GC invocations=13 (full 2):
 PSYoungGen      total 217088K, used 0K [0x00000000eab00000, 0x00000000faf80000, 0x0000000100000000)
  eden space 198144K, 0% used [0x00000000eab00000,0x00000000eab00000,0x00000000f6c80000)
  from space 18944K, 0% used [0x00000000f6c80000,0x00000000f6c80000,0x00000000f7f00000)
  to   space 20480K, 0% used [0x00000000f9b80000,0x00000000f9b80000,0x00000000faf80000)
 ParOldGen       total 49152K, used 45003K [0x00000000c0000000, 0x00000000c3000000, 0x00000000eab00000)
  object space 49152K, 91% used [0x00000000c0000000,0x00000000c2bf2dc8,0x00000000c3000000)
 Metaspace       used 34305K, capacity 35384K, committed 35456K, reserved 1079296K
  class space    used 4297K, capacity 4665K, committed 4736K, reserved 1048576K
}
Event: 31.829 GC heap before
{Heap before GC invocations=14 (full 3):
 PSYoungGen      total 217088K, used 198144K [0x00000000eab00000, 0x00000000faf80000, 0x0000000100000000)
  eden space 198144K, 100% used [0x00000000eab00000,0x00000000f6c80000,0x00000000f6c80000)
  from space 18944K, 0% used [0x00000000f6c80000,0x00000000f6c80000,0x00000000f7f00000)
  to   space 20480K, 0% used [0x00000000f9b80000,0x00000000f9b80000,0x00000000faf80000)
 ParOldGen       total 49152K, used 45003K [0x00000000c0000000, 0x00000000c3000000, 0x00000000eab00000)
  object space 49152K, 91% used [0x00000000c0000000,0x00000000c2bf2dc8,0x00000000c3000000)
 Metaspace       used 50339K, capacity 52450K, committed 52736K, reserved 1095680K
  class space    used 6398K, capacity 6908K, committed 6912K, reserved 1048576K
Event: 32.216 GC heap after
Heap after GC invocations=14 (full 3):
 PSYoungGen      total 217088K, used 9819K [0x00000000eab00000, 0x00000000faf80000, 0x0000000100000000)
  eden space 198144K, 4% used [0x00000000eab00000,0x00000000eb496fe0,0x00000000f6c80000)
  from space 18944K, 0% used [0x00000000f6c80000,0x00000000f6c80000,0x00000000f7f00000)
  to   space 20480K, 0% used [0x00000000f9b80000,0x00000000f9b80000,0x00000000faf80000)
 ParOldGen       total 107008K, used 49094K [0x00000000c0000000, 0x00000000c6880000, 0x00000000eab00000)
  object space 107008K, 45% used [0x00000000c0000000,0x00000000c2ff1b58,0x00000000c6880000)
 Metaspace       used 50339K, capacity 52450K, committed 52736K, reserved 1095680K
  class space    used 6398K, capacity 6908K, committed 6912K, reserved 1048576K
}
Event: 41.133 GC heap before
{Heap before GC invocations=15 (full 3):
 PSYoungGen      total 217088K, used 198144K [0x00000000eab00000, 0x00000000faf80000, 0x0000000100000000)
  eden space 198144K, 100% used [0x00000000eab00000,0x00000000f6c80000,0x00000000f6c80000)
  from space 18944K, 0% used [0x00000000f6c80000,0x00000000f6c80000,0x00000000f7f00000)
  to   space 20480K, 0% used [0x00000000f9b80000,0x00000000f9b80000,0x00000000faf80000)
 ParOldGen       total 107008K, used 49094K [0x00000000c0000000, 0x00000000c6880000, 0x00000000eab00000)
  object space 107008K, 45% used [0x00000000c0000000,0x00000000c2ff1b58,0x00000000c6880000)
 Metaspace       used 68783K, capacity 71274K, committed 71424K, reserved 1112064K
  class space    used 9114K, capacity 9674K, committed 9728K, reserved 1048576K
Event: 41.294 GC heap after
Heap after GC invocations=15 (full 3):
 PSYoungGen      total 240128K, used 20474K [0x00000000eab00000, 0x00000000fcc00000, 0x0000000100000000)
  eden space 219648K, 0% used [0x00000000eab00000,0x00000000eab00000,0x00000000f8180000)
  from space 20480K, 99% used [0x00000000f9b80000,0x00000000faf7e958,0x00000000faf80000)
  to   space 26624K, 0% used [0x00000000f8180000,0x00000000f8180000,0x00000000f9b80000)
 ParOldGen       total 107008K, used 57373K [0x00000000c0000000, 0x00000000c6880000, 0x00000000eab00000)
  object space 107008K, 53% used [0x00000000c0000000,0x00000000c38075b0,0x00000000c6880000)
 Metaspace       used 68783K, capacity 71274K, committed 71424K, reserved 1112064K
  class space    used 9114K, capacity 9674K, committed 9728K, reserved 1048576K
}

